This file contains any messages produced by compilers while
running configure, to aid debugging if configure makes a mistake.

It was created by familytree configure 0.1, which was
generated by GNU Autoconf 2.69.  Invocation command line was

  $ /home/nloomis/code/FamilyTree/configure --enable-maintainer-mode CFLAGS=-g -O0 CXXFLAGS=-g -std=c++11 -O0 JFLAGS=-g -O0 FFLAGS=-g -O0

## --------- ##
## Platform. ##
## --------- ##

hostname = silverflyer
uname -m = x86_64
uname -r = 4.4.0-101-generic
uname -s = Linux
uname -v = #124-Ubuntu SMP Fri Nov 10 18:29:59 UTC 2017

/usr/bin/uname -p = unknown
/bin/uname -X     = unknown

/bin/arch              = unknown
/usr/bin/arch -k       = unknown
/usr/convex/getsysinfo = unknown
/usr/bin/hostinfo      = unknown
/bin/machine           = unknown
/usr/bin/oslevel       = unknown
/bin/universe          = unknown

PATH: /usr/local/sbin
PATH: /usr/local/bin
PATH: /usr/sbin
PATH: /usr/bin
PATH: /sbin
PATH: /bin
PATH: /usr/games
PATH: /usr/local/games
PATH: /snap/bin


## ----------- ##
## Core tests. ##
## ----------- ##

configure:2314: checking for a BSD-compatible install
configure:2382: result: /usr/bin/install -c
configure:2393: checking whether build environment is sane
configure:2448: result: yes
configure:2599: checking for a thread-safe mkdir -p
configure:2638: result: /bin/mkdir -p
configure:2645: checking for gawk
configure:2661: found /usr/bin/gawk
configure:2672: result: gawk
configure:2683: checking whether make sets $(MAKE)
configure:2705: result: yes
configure:2734: checking whether make supports nested variables
configure:2751: result: yes
configure:2889: checking whether make supports nested variables
configure:2906: result: yes
configure:2976: checking for g++
configure:2992: found /usr/bin/g++
configure:3003: result: g++
configure:3030: checking for C++ compiler version
configure:3039: g++ --version >&5
g++ (Ubuntu 5.4.0-6ubuntu1~16.04.5) 5.4.0 20160609
Copyright (C) 2015 Free Software Foundation, Inc.
This is free software; see the source for copying conditions.  There is NO
warranty; not even for MERCHANTABILITY or FITNESS FOR A PARTICULAR PURPOSE.

configure:3050: $? = 0
configure:3039: g++ -v >&5
Using built-in specs.
COLLECT_GCC=g++
COLLECT_LTO_WRAPPER=/usr/lib/gcc/x86_64-linux-gnu/5/lto-wrapper
Target: x86_64-linux-gnu
Configured with: ../src/configure -v --with-pkgversion='Ubuntu 5.4.0-6ubuntu1~16.04.5' --with-bugurl=file:///usr/share/doc/gcc-5/README.Bugs --enable-languages=c,ada,c++,java,go,d,fortran,objc,obj-c++ --prefix=/usr --program-suffix=-5 --enable-shared --enable-linker-build-id --libexecdir=/usr/lib --without-included-gettext --enable-threads=posix --libdir=/usr/lib --enable-nls --with-sysroot=/ --enable-clocale=gnu --enable-libstdcxx-debug --enable-libstdcxx-time=yes --with-default-libstdcxx-abi=new --enable-gnu-unique-object --disable-vtable-verify --enable-libmpx --enable-plugin --with-system-zlib --disable-browser-plugin --enable-java-awt=gtk --enable-gtk-cairo --with-java-home=/usr/lib/jvm/java-1.5.0-gcj-5-amd64/jre --enable-java-home --with-jvm-root-dir=/usr/lib/jvm/java-1.5.0-gcj-5-amd64 --with-jvm-jar-dir=/usr/lib/jvm-exports/java-1.5.0-gcj-5-amd64 --with-arch-directory=amd64 --with-ecj-jar=/usr/share/java/eclipse-ecj.jar --enable-objc-gc --enable-multiarch --disable-werror --with-arch-32=i686 --with-abi=m64 --with-multilib-list=m32,m64,mx32 --enable-multilib --with-tune=generic --enable-checking=release --build=x86_64-linux-gnu --host=x86_64-linux-gnu --target=x86_64-linux-gnu
Thread model: posix
gcc version 5.4.0 20160609 (Ubuntu 5.4.0-6ubuntu1~16.04.5) 
configure:3050: $? = 0
configure:3039: g++ -V >&5
g++: error: unrecognized command line option '-V'
g++: fatal error: no input files
compilation terminated.
configure:3050: $? = 1
configure:3039: g++ -qversion >&5
g++: error: unrecognized command line option '-qversion'
g++: fatal error: no input files
compilation terminated.
configure:3050: $? = 1
configure:3070: checking whether the C++ compiler works
configure:3092: g++ -g -std=c++11 -O0   conftest.cpp  >&5
configure:3096: $? = 0
configure:3144: result: yes
configure:3147: checking for C++ compiler default output file name
configure:3149: result: a.out
configure:3155: checking for suffix of executables
configure:3162: g++ -o conftest -g -std=c++11 -O0   conftest.cpp  >&5
configure:3166: $? = 0
configure:3188: result: 
configure:3210: checking whether we are cross compiling
configure:3218: g++ -o conftest -g -std=c++11 -O0   conftest.cpp  >&5
configure:3222: $? = 0
configure:3229: ./conftest
configure:3233: $? = 0
configure:3248: result: no
configure:3253: checking for suffix of object files
configure:3275: g++ -c -g -std=c++11 -O0  conftest.cpp >&5
configure:3279: $? = 0
configure:3300: result: o
configure:3304: checking whether we are using the GNU C++ compiler
configure:3323: g++ -c -g -std=c++11 -O0  conftest.cpp >&5
configure:3323: $? = 0
configure:3332: result: yes
configure:3341: checking whether g++ accepts -g
configure:3361: g++ -c -g  conftest.cpp >&5
configure:3361: $? = 0
configure:3402: result: yes
configure:3436: checking for style of include used by make
configure:3464: result: GNU
configure:3490: checking dependency style of g++
configure:3601: result: gcc3
configure:3653: checking build system type
configure:3667: result: x86_64-pc-linux-gnu
configure:3687: checking host system type
configure:3700: result: x86_64-pc-linux-gnu
configure:3741: checking how to print strings
configure:3768: result: printf
configure:3837: checking for gcc
configure:3853: found /usr/bin/gcc
configure:3864: result: gcc
configure:4093: checking for C compiler version
configure:4102: gcc --version >&5
gcc (Ubuntu 5.4.0-6ubuntu1~16.04.5) 5.4.0 20160609
Copyright (C) 2015 Free Software Foundation, Inc.
This is free software; see the source for copying conditions.  There is NO
warranty; not even for MERCHANTABILITY or FITNESS FOR A PARTICULAR PURPOSE.

configure:4113: $? = 0
configure:4102: gcc -v >&5
Using built-in specs.
COLLECT_GCC=gcc
COLLECT_LTO_WRAPPER=/usr/lib/gcc/x86_64-linux-gnu/5/lto-wrapper
Target: x86_64-linux-gnu
Configured with: ../src/configure -v --with-pkgversion='Ubuntu 5.4.0-6ubuntu1~16.04.5' --with-bugurl=file:///usr/share/doc/gcc-5/README.Bugs --enable-languages=c,ada,c++,java,go,d,fortran,objc,obj-c++ --prefix=/usr --program-suffix=-5 --enable-shared --enable-linker-build-id --libexecdir=/usr/lib --without-included-gettext --enable-threads=posix --libdir=/usr/lib --enable-nls --with-sysroot=/ --enable-clocale=gnu --enable-libstdcxx-debug --enable-libstdcxx-time=yes --with-default-libstdcxx-abi=new --enable-gnu-unique-object --disable-vtable-verify --enable-libmpx --enable-plugin --with-system-zlib --disable-browser-plugin --enable-java-awt=gtk --enable-gtk-cairo --with-java-home=/usr/lib/jvm/java-1.5.0-gcj-5-amd64/jre --enable-java-home --with-jvm-root-dir=/usr/lib/jvm/java-1.5.0-gcj-5-amd64 --with-jvm-jar-dir=/usr/lib/jvm-exports/java-1.5.0-gcj-5-amd64 --with-arch-directory=amd64 --with-ecj-jar=/usr/share/java/eclipse-ecj.jar --enable-objc-gc --enable-multiarch --disable-werror --with-arch-32=i686 --with-abi=m64 --with-multilib-list=m32,m64,mx32 --enable-multilib --with-tune=generic --enable-checking=release --build=x86_64-linux-gnu --host=x86_64-linux-gnu --target=x86_64-linux-gnu
Thread model: posix
gcc version 5.4.0 20160609 (Ubuntu 5.4.0-6ubuntu1~16.04.5) 
configure:4113: $? = 0
configure:4102: gcc -V >&5
gcc: error: unrecognized command line option '-V'
gcc: fatal error: no input files
compilation terminated.
configure:4113: $? = 1
configure:4102: gcc -qversion >&5
gcc: error: unrecognized command line option '-qversion'
gcc: fatal error: no input files
compilation terminated.
configure:4113: $? = 1
configure:4117: checking whether we are using the GNU C compiler
configure:4136: gcc -c -g -O0  conftest.c >&5
configure:4136: $? = 0
configure:4145: result: yes
configure:4154: checking whether gcc accepts -g
configure:4174: gcc -c -g  conftest.c >&5
configure:4174: $? = 0
configure:4215: result: yes
configure:4232: checking for gcc option to accept ISO C89
configure:4295: gcc  -c -g -O0  conftest.c >&5
configure:4295: $? = 0
configure:4308: result: none needed
configure:4333: checking whether gcc understands -c and -o together
configure:4355: gcc -c conftest.c -o conftest2.o
configure:4358: $? = 0
configure:4355: gcc -c conftest.c -o conftest2.o
configure:4358: $? = 0
configure:4370: result: yes
configure:4389: checking dependency style of gcc
configure:4500: result: gcc3
configure:4515: checking for a sed that does not truncate output
configure:4579: result: /bin/sed
configure:4597: checking for grep that handles long lines and -e
configure:4655: result: /bin/grep
configure:4660: checking for egrep
configure:4722: result: /bin/grep -E
configure:4727: checking for fgrep
configure:4789: result: /bin/grep -F
configure:4824: checking for ld used by gcc
configure:4891: result: /usr/bin/ld
configure:4898: checking if the linker (/usr/bin/ld) is GNU ld
configure:4913: result: yes
configure:4925: checking for BSD- or MS-compatible name lister (nm)
configure:4979: result: /usr/bin/nm -B
configure:5109: checking the name lister (/usr/bin/nm -B) interface
configure:5116: gcc -c -g -O0  conftest.c >&5
configure:5119: /usr/bin/nm -B "conftest.o"
configure:5122: output
0000000000000000 B some_variable
configure:5129: result: BSD nm
configure:5132: checking whether ln -s works
configure:5136: result: yes
configure:5144: checking the maximum length of command line arguments
configure:5275: result: 1572864
configure:5323: checking how to convert x86_64-pc-linux-gnu file names to x86_64-pc-linux-gnu format
configure:5363: result: func_convert_file_noop
configure:5370: checking how to convert x86_64-pc-linux-gnu file names to toolchain format
configure:5390: result: func_convert_file_noop
configure:5397: checking for /usr/bin/ld option to reload object files
configure:5404: result: -r
configure:5478: checking for objdump
configure:5494: found /usr/bin/objdump
configure:5505: result: objdump
configure:5537: checking how to recognize dependent libraries
configure:5737: result: pass_all
configure:5822: checking for dlltool
configure:5852: result: no
configure:5882: checking how to associate runtime and link libraries
configure:5909: result: printf %s\n
configure:5970: checking for ar
configure:5986: found /usr/bin/ar
configure:5997: result: ar
configure:6034: checking for archiver @FILE support
configure:6051: gcc -c -g -O0  conftest.c >&5
configure:6051: $? = 0
configure:6054: ar cru libconftest.a @conftest.lst >&5
ar: `u' modifier ignored since `D' is the default (see `U')
configure:6057: $? = 0
configure:6062: ar cru libconftest.a @conftest.lst >&5
ar: `u' modifier ignored since `D' is the default (see `U')
ar: conftest.o: No such file or directory
configure:6065: $? = 1
configure:6077: result: @
configure:6135: checking for strip
configure:6151: found /usr/bin/strip
configure:6162: result: strip
configure:6234: checking for ranlib
configure:6250: found /usr/bin/ranlib
configure:6261: result: ranlib
configure:6363: checking command to parse /usr/bin/nm -B output from gcc object
configure:6516: gcc -c -g -O0  conftest.c >&5
configure:6519: $? = 0
configure:6523: /usr/bin/nm -B conftest.o \| sed -n -e 's/^.*[ ]\([ABCDGIRSTW][ABCDGIRSTW]*\)[ ][ ]*\([_A-Za-z][_A-Za-z0-9]*\)$/\1 \2 \2/p' | sed '/ __gnu_lto/d' \> conftest.nm
configure:6526: $? = 0
configure:6592: gcc -o conftest -g -O0   conftest.c conftstm.o >&5
configure:6595: $? = 0
configure:6633: result: ok
configure:6680: checking for sysroot
configure:6710: result: no
configure:6717: checking for a working dd
configure:6755: result: /bin/dd
configure:6759: checking how to truncate binary pipes
configure:6774: result: /bin/dd bs=4096 count=1
configure:6910: gcc -c -g -O0  conftest.c >&5
configure:6913: $? = 0
configure:7103: checking for mt
configure:7119: found /bin/mt
configure:7130: result: mt
configure:7153: checking if mt is a manifest tool
configure:7159: mt '-?'
configure:7167: result: no
configure:7844: checking how to run the C preprocessor
configure:7875: gcc -E  conftest.c
configure:7875: $? = 0
configure:7889: gcc -E  conftest.c
conftest.c:11:28: fatal error: ac_nonexistent.h: No such file or directory
compilation terminated.
configure:7889: $? = 1
configure: failed program was:
| /* confdefs.h */
| #define PACKAGE_NAME "familytree"
| #define PACKAGE_TARNAME "familytree"
| #define PACKAGE_VERSION "0.1"
| #define PACKAGE_STRING "familytree 0.1"
| #define PACKAGE_BUGREPORT ""
| #define PACKAGE_URL ""
| #define PACKAGE "familytree"
| #define VERSION "0.1"
| /* end confdefs.h.  */
| #include <ac_nonexistent.h>
configure:7914: result: gcc -E
configure:7934: gcc -E  conftest.c
configure:7934: $? = 0
configure:7948: gcc -E  conftest.c
conftest.c:11:28: fatal error: ac_nonexistent.h: No such file or directory
compilation terminated.
configure:7948: $? = 1
configure: failed program was:
| /* confdefs.h */
| #define PACKAGE_NAME "familytree"
| #define PACKAGE_TARNAME "familytree"
| #define PACKAGE_VERSION "0.1"
| #define PACKAGE_STRING "familytree 0.1"
| #define PACKAGE_BUGREPORT ""
| #define PACKAGE_URL ""
| #define PACKAGE "familytree"
| #define VERSION "0.1"
| /* end confdefs.h.  */
| #include <ac_nonexistent.h>
configure:7977: checking for ANSI C header files
configure:7997: gcc -c -g -O0  conftest.c >&5
configure:7997: $? = 0
configure:8070: gcc -o conftest -g -O0   conftest.c  >&5
configure:8070: $? = 0
configure:8070: ./conftest
configure:8070: $? = 0
configure:8081: result: yes
configure:8094: checking for sys/types.h
configure:8094: gcc -c -g -O0  conftest.c >&5
configure:8094: $? = 0
configure:8094: result: yes
configure:8094: checking for sys/stat.h
configure:8094: gcc -c -g -O0  conftest.c >&5
configure:8094: $? = 0
configure:8094: result: yes
configure:8094: checking for stdlib.h
configure:8094: gcc -c -g -O0  conftest.c >&5
configure:8094: $? = 0
configure:8094: result: yes
configure:8094: checking for string.h
configure:8094: gcc -c -g -O0  conftest.c >&5
configure:8094: $? = 0
configure:8094: result: yes
configure:8094: checking for memory.h
configure:8094: gcc -c -g -O0  conftest.c >&5
configure:8094: $? = 0
configure:8094: result: yes
configure:8094: checking for strings.h
configure:8094: gcc -c -g -O0  conftest.c >&5
configure:8094: $? = 0
configure:8094: result: yes
configure:8094: checking for inttypes.h
configure:8094: gcc -c -g -O0  conftest.c >&5
configure:8094: $? = 0
configure:8094: result: yes
configure:8094: checking for stdint.h
configure:8094: gcc -c -g -O0  conftest.c >&5
configure:8094: $? = 0
configure:8094: result: yes
configure:8094: checking for unistd.h
configure:8094: gcc -c -g -O0  conftest.c >&5
configure:8094: $? = 0
configure:8094: result: yes
configure:8108: checking for dlfcn.h
configure:8108: gcc -c -g -O0  conftest.c >&5
configure:8108: $? = 0
configure:8108: result: yes
configure:8375: checking for objdir
configure:8390: result: .libs
configure:8650: checking if gcc supports -fno-rtti -fno-exceptions
configure:8668: gcc -c -g -O0  -fno-rtti -fno-exceptions conftest.c >&5
cc1: warning: command line option '-fno-rtti' is valid for C++/ObjC++ but not for C
configure:8672: $? = 0
configure:8685: result: no
configure:9043: checking for gcc option to produce PIC
configure:9050: result: -fPIC -DPIC
configure:9058: checking if gcc PIC flag -fPIC -DPIC works
configure:9076: gcc -c -g -O0  -fPIC -DPIC -DPIC conftest.c >&5
configure:9080: $? = 0
configure:9093: result: yes
configure:9122: checking if gcc static flag -static works
configure:9150: result: yes
configure:9165: checking if gcc supports -c -o file.o
configure:9186: gcc -c -g -O0  -o out/conftest2.o conftest.c >&5
configure:9190: $? = 0
configure:9212: result: yes
configure:9220: checking if gcc supports -c -o file.o
configure:9267: result: yes
configure:9300: checking whether the gcc linker (/usr/bin/ld -m elf_x86_64) supports shared libraries
configure:10563: result: yes
configure:10600: checking whether -lc should be explicitly linked in
configure:10608: gcc -c -g -O0  conftest.c >&5
configure:10611: $? = 0
configure:10626: gcc -shared  -fPIC -DPIC conftest.o  -v -Wl,-soname -Wl,conftest -o conftest 2\>\&1 \| /bin/grep  -lc  \>/dev/null 2\>\&1
configure:10629: $? = 0
configure:10643: result: no
configure:10803: checking dynamic linker characteristics
configure:11384: gcc -o conftest -g -O0   -Wl,-rpath -Wl,/foo conftest.c  >&5
configure:11384: $? = 0
configure:11633: result: GNU/Linux ld.so
configure:11755: checking how to hardcode library paths into programs
configure:11780: result: immediate
configure:12328: checking whether stripping libraries is possible
configure:12333: result: yes
configure:12368: checking if libtool supports shared libraries
configure:12370: result: yes
configure:12373: checking whether to build shared libraries
configure:12398: result: yes
configure:12401: checking whether to build static libraries
configure:12405: result: yes
configure:12428: checking how to run the C++ preprocessor
configure:12455: g++ -E  conftest.cpp
configure:12455: $? = 0
configure:12469: g++ -E  conftest.cpp
conftest.cpp:23:28: fatal error: ac_nonexistent.h: No such file or directory
compilation terminated.
configure:12469: $? = 1
configure: failed program was:
| /* confdefs.h */
| #define PACKAGE_NAME "familytree"
| #define PACKAGE_TARNAME "familytree"
| #define PACKAGE_VERSION "0.1"
| #define PACKAGE_STRING "familytree 0.1"
| #define PACKAGE_BUGREPORT ""
| #define PACKAGE_URL ""
| #define PACKAGE "familytree"
| #define VERSION "0.1"
| #define STDC_HEADERS 1
| #define HAVE_SYS_TYPES_H 1
| #define HAVE_SYS_STAT_H 1
| #define HAVE_STDLIB_H 1
| #define HAVE_STRING_H 1
| #define HAVE_MEMORY_H 1
| #define HAVE_STRINGS_H 1
| #define HAVE_INTTYPES_H 1
| #define HAVE_STDINT_H 1
| #define HAVE_UNISTD_H 1
| #define HAVE_DLFCN_H 1
| #define LT_OBJDIR ".libs/"
| /* end confdefs.h.  */
| #include <ac_nonexistent.h>
configure:12494: result: g++ -E
configure:12514: g++ -E  conftest.cpp
configure:12514: $? = 0
configure:12528: g++ -E  conftest.cpp
conftest.cpp:23:28: fatal error: ac_nonexistent.h: No such file or directory
compilation terminated.
configure:12528: $? = 1
configure: failed program was:
| /* confdefs.h */
| #define PACKAGE_NAME "familytree"
| #define PACKAGE_TARNAME "familytree"
| #define PACKAGE_VERSION "0.1"
| #define PACKAGE_STRING "familytree 0.1"
| #define PACKAGE_BUGREPORT ""
| #define PACKAGE_URL ""
| #define PACKAGE "familytree"
| #define VERSION "0.1"
| #define STDC_HEADERS 1
| #define HAVE_SYS_TYPES_H 1
| #define HAVE_SYS_STAT_H 1
| #define HAVE_STDLIB_H 1
| #define HAVE_STRING_H 1
| #define HAVE_MEMORY_H 1
| #define HAVE_STRINGS_H 1
| #define HAVE_INTTYPES_H 1
| #define HAVE_STDINT_H 1
| #define HAVE_UNISTD_H 1
| #define HAVE_DLFCN_H 1
| #define LT_OBJDIR ".libs/"
| /* end confdefs.h.  */
| #include <ac_nonexistent.h>
configure:12690: checking for ld used by g++
configure:12757: result: /usr/bin/ld -m elf_x86_64
configure:12764: checking if the linker (/usr/bin/ld -m elf_x86_64) is GNU ld
configure:12779: result: yes
configure:12834: checking whether the g++ linker (/usr/bin/ld -m elf_x86_64) supports shared libraries
configure:13907: result: yes
configure:13943: g++ -c -g -std=c++11 -O0  conftest.cpp >&5
configure:13946: $? = 0
configure:14427: checking for g++ option to produce PIC
configure:14434: result: -fPIC -DPIC
configure:14442: checking if g++ PIC flag -fPIC -DPIC works
configure:14460: g++ -c -g -std=c++11 -O0  -fPIC -DPIC -DPIC conftest.cpp >&5
configure:14464: $? = 0
configure:14477: result: yes
configure:14500: checking if g++ static flag -static works
configure:14528: result: yes
configure:14540: checking if g++ supports -c -o file.o
configure:14561: g++ -c -g -std=c++11 -O0  -o out/conftest2.o conftest.cpp >&5
configure:14565: $? = 0
configure:14587: result: yes
configure:14592: checking if g++ supports -c -o file.o
configure:14639: result: yes
configure:14669: checking whether the g++ linker (/usr/bin/ld -m elf_x86_64) supports shared libraries
configure:14712: result: yes
configure:14853: checking dynamic linker characteristics
configure:15610: result: GNU/Linux ld.so
configure:15675: checking how to hardcode library paths into programs
configure:15700: result: immediate
configure:15877: checking that generated files are newer than configure
configure:15883: result: done
configure:15910: creating ./config.status

## ---------------------- ##
## Running config.status. ##
## ---------------------- ##

This file was extended by familytree config.status 0.1, which was
generated by GNU Autoconf 2.69.  Invocation command line was

  CONFIG_FILES    = 
  CONFIG_HEADERS  = 
  CONFIG_LINKS    = 
  CONFIG_COMMANDS = 
  $ ./config.status 

on silverflyer

config.status:1148: creating Makefile
config.status:1148: creating src/Makefile
config.status:1148: creating config.h
config.status:1314: config.h is unchanged
config.status:1362: executing depfiles commands
config.status:1362: executing libtool commands
configure:18315: WARNING: unrecognized options: --enable-maintainer-mode

## ---------------- ##
## Cache variables. ##
## ---------------- ##

ac_cv_build=x86_64-pc-linux-gnu
ac_cv_c_compiler_gnu=yes
ac_cv_cxx_compiler_gnu=yes
ac_cv_env_CCC_set=
ac_cv_env_CCC_value=
ac_cv_env_CC_set=
ac_cv_env_CC_value=
ac_cv_env_CFLAGS_set=set
ac_cv_env_CFLAGS_value='-g -O0'
ac_cv_env_CPPFLAGS_set=
ac_cv_env_CPPFLAGS_value=
ac_cv_env_CPP_set=
ac_cv_env_CPP_value=
ac_cv_env_CXXCPP_set=
ac_cv_env_CXXCPP_value=
ac_cv_env_CXXFLAGS_set=set
ac_cv_env_CXXFLAGS_value='-g -std=c++11 -O0'
ac_cv_env_CXX_set=
ac_cv_env_CXX_value=
ac_cv_env_LDFLAGS_set=
ac_cv_env_LDFLAGS_value=
ac_cv_env_LIBS_set=
ac_cv_env_LIBS_value=
ac_cv_env_LT_SYS_LIBRARY_PATH_set=
ac_cv_env_LT_SYS_LIBRARY_PATH_value=
ac_cv_env_build_alias_set=
ac_cv_env_build_alias_value=
ac_cv_env_host_alias_set=
ac_cv_env_host_alias_value=
ac_cv_env_target_alias_set=
ac_cv_env_target_alias_value=
ac_cv_header_dlfcn_h=yes
ac_cv_header_inttypes_h=yes
ac_cv_header_memory_h=yes
ac_cv_header_stdc=yes
ac_cv_header_stdint_h=yes
ac_cv_header_stdlib_h=yes
ac_cv_header_string_h=yes
ac_cv_header_strings_h=yes
ac_cv_header_sys_stat_h=yes
ac_cv_header_sys_types_h=yes
ac_cv_header_unistd_h=yes
ac_cv_host=x86_64-pc-linux-gnu
ac_cv_objext=o
ac_cv_path_EGREP='/bin/grep -E'
ac_cv_path_FGREP='/bin/grep -F'
ac_cv_path_GREP=/bin/grep
ac_cv_path_SED=/bin/sed
ac_cv_path_install='/usr/bin/install -c'
ac_cv_path_lt_DD=/bin/dd
ac_cv_path_mkdir=/bin/mkdir
ac_cv_prog_AWK=gawk
ac_cv_prog_CPP='gcc -E'
ac_cv_prog_CXXCPP='g++ -E'
ac_cv_prog_ac_ct_AR=ar
ac_cv_prog_ac_ct_CC=gcc
ac_cv_prog_ac_ct_CXX=g++
ac_cv_prog_ac_ct_MANIFEST_TOOL=mt
ac_cv_prog_ac_ct_OBJDUMP=objdump
ac_cv_prog_ac_ct_RANLIB=ranlib
ac_cv_prog_ac_ct_STRIP=strip
ac_cv_prog_cc_c89=
ac_cv_prog_cc_g=yes
ac_cv_prog_cxx_g=yes
ac_cv_prog_make_make_set=yes
am_cv_CC_dependencies_compiler_type=gcc3
am_cv_CXX_dependencies_compiler_type=gcc3
am_cv_make_support_nested_variables=yes
am_cv_prog_cc_c_o=yes
lt_cv_ar_at_file=@
lt_cv_archive_cmds_need_lc=no
lt_cv_deplibs_check_method=pass_all
lt_cv_file_magic_cmd='$MAGIC_CMD'
lt_cv_file_magic_test_file=
lt_cv_ld_reload_flag=-r
lt_cv_nm_interface='BSD nm'
lt_cv_objdir=.libs
lt_cv_path_LD=/usr/bin/ld
lt_cv_path_LDCXX='/usr/bin/ld -m elf_x86_64'
lt_cv_path_NM='/usr/bin/nm -B'
lt_cv_path_mainfest_tool=no
lt_cv_prog_compiler_c_o=yes
lt_cv_prog_compiler_c_o_CXX=yes
lt_cv_prog_compiler_pic='-fPIC -DPIC'
lt_cv_prog_compiler_pic_CXX='-fPIC -DPIC'
lt_cv_prog_compiler_pic_works=yes
lt_cv_prog_compiler_pic_works_CXX=yes
lt_cv_prog_compiler_rtti_exceptions=no
lt_cv_prog_compiler_static_works=yes
lt_cv_prog_compiler_static_works_CXX=yes
lt_cv_prog_gnu_ld=yes
lt_cv_prog_gnu_ldcxx=yes
lt_cv_sharedlib_from_linklib_cmd='printf %s\n'
lt_cv_shlibpath_overrides_runpath=no
lt_cv_sys_global_symbol_pipe='sed -n -e '\''s/^.*[	 ]\([ABCDGIRSTW][ABCDGIRSTW]*\)[	 ][	 ]*\([_A-Za-z][_A-Za-z0-9]*\)$/\1 \2 \2/p'\'' | sed '\''/ __gnu_lto/d'\'''
lt_cv_sys_global_symbol_to_c_name_address='sed -n -e '\''s/^: \(.*\) .*$/  {"\1", (void *) 0},/p'\'' -e '\''s/^[ABCDGIRSTW][ABCDGIRSTW]* .* \(.*\)$/  {"\1", (void *) \&\1},/p'\'''
lt_cv_sys_global_symbol_to_c_name_address_lib_prefix='sed -n -e '\''s/^: \(.*\) .*$/  {"\1", (void *) 0},/p'\'' -e '\''s/^[ABCDGIRSTW][ABCDGIRSTW]* .* \(lib.*\)$/  {"\1", (void *) \&\1},/p'\'' -e '\''s/^[ABCDGIRSTW][ABCDGIRSTW]* .* \(.*\)$/  {"lib\1", (void *) \&\1},/p'\'''
lt_cv_sys_global_symbol_to_cdecl='sed -n -e '\''s/^T .* \(.*\)$/extern int \1();/p'\'' -e '\''s/^[ABCDGIRSTW][ABCDGIRSTW]* .* \(.*\)$/extern char \1;/p'\'''
lt_cv_sys_global_symbol_to_import=
lt_cv_sys_max_cmd_len=1572864
lt_cv_to_host_file_cmd=func_convert_file_noop
lt_cv_to_tool_file_cmd=func_convert_file_noop
lt_cv_truncate_bin='/bin/dd bs=4096 count=1'

## ----------------- ##
## Output variables. ##
## ----------------- ##

ACLOCAL='${SHELL} /home/nloomis/code/FamilyTree/missing aclocal-1.15'
AMDEPBACKSLASH='\'
AMDEP_FALSE='#'
AMDEP_TRUE=''
AMTAR='$${TAR-tar}'
AM_BACKSLASH='\'
AM_DEFAULT_V='$(AM_DEFAULT_VERBOSITY)'
AM_DEFAULT_VERBOSITY='0'
AM_V='$(V)'
AR='ar'
AUTOCONF='${SHELL} /home/nloomis/code/FamilyTree/missing autoconf'
AUTOHEADER='${SHELL} /home/nloomis/code/FamilyTree/missing autoheader'
AUTOMAKE='${SHELL} /home/nloomis/code/FamilyTree/missing automake-1.15'
AWK='gawk'
CC='gcc'
CCDEPMODE='depmode=gcc3'
CFLAGS='-g -O0'
CPP='gcc -E'
CPPFLAGS=''
CXX='g++'
CXXCPP='g++ -E'
CXXDEPMODE='depmode=gcc3'
CXXFLAGS='-g -std=c++11 -O0'
CYGPATH_W='echo'
DEFS='-DHAVE_CONFIG_H'
DEPDIR='.deps'
DLLTOOL='false'
DSYMUTIL=''
DUMPBIN=''
ECHO_C=''
ECHO_N='-n'
ECHO_T=''
EGREP='/bin/grep -E'
EXEEXT=''
FGREP='/bin/grep -F'
GREP='/bin/grep'
INSTALL_DATA='${INSTALL} -m 644'
INSTALL_PROGRAM='${INSTALL}'
INSTALL_SCRIPT='${INSTALL}'
INSTALL_STRIP_PROGRAM='$(install_sh) -c -s'
LD='/usr/bin/ld -m elf_x86_64'
LDFLAGS=''
LIBOBJS=''
LIBS=''
LIBTOOL='$(SHELL) $(top_builddir)/libtool'
LIPO=''
LN_S='ln -s'
LTLIBOBJS=''
LT_SYS_LIBRARY_PATH=''
MAKEINFO='${SHELL} /home/nloomis/code/FamilyTree/missing makeinfo'
MANIFEST_TOOL=':'
MKDIR_P='/bin/mkdir -p'
NM='/usr/bin/nm -B'
NMEDIT=''
OBJDUMP='objdump'
OBJEXT='o'
OTOOL64=''
OTOOL=''
PACKAGE='familytree'
PACKAGE_BUGREPORT=''
PACKAGE_NAME='familytree'
PACKAGE_STRING='familytree 0.1'
PACKAGE_TARNAME='familytree'
PACKAGE_URL=''
PACKAGE_VERSION='0.1'
PATH_SEPARATOR=':'
RANLIB='ranlib'
SED='/bin/sed'
SET_MAKE=''
SHELL='/bin/bash'
STRIP='strip'
VERSION='0.1'
ac_ct_AR='ar'
ac_ct_CC='gcc'
ac_ct_CXX='g++'
ac_ct_DUMPBIN=''
am__EXEEXT_FALSE=''
am__EXEEXT_TRUE='#'
am__fastdepCC_FALSE='#'
am__fastdepCC_TRUE=''
am__fastdepCXX_FALSE='#'
am__fastdepCXX_TRUE=''
am__include='include'
am__isrc=' -I$(srcdir)'
am__leading_dot='.'
am__nodep='_no'
am__quote=''
am__tar='$${TAR-tar} chof - "$$tardir"'
am__untar='$${TAR-tar} xf -'
bindir='${exec_prefix}/bin'
build='x86_64-pc-linux-gnu'
build_alias=''
build_cpu='x86_64'
build_os='linux-gnu'
build_vendor='pc'
datadir='${datarootdir}'
datarootdir='${prefix}/share'
docdir='${datarootdir}/doc/${PACKAGE_TARNAME}'
dvidir='${docdir}'
exec_prefix='${prefix}'
host='x86_64-pc-linux-gnu'
host_alias=''
host_cpu='x86_64'
host_os='linux-gnu'
host_vendor='pc'
htmldir='${docdir}'
includedir='${prefix}/include'
infodir='${datarootdir}/info'
install_sh='${SHELL} /home/nloomis/code/FamilyTree/install-sh'
libdir='${exec_prefix}/lib'
libexecdir='${exec_prefix}/libexec'
localedir='${datarootdir}/locale'
localstatedir='${prefix}/var'
mandir='${datarootdir}/man'
mkdir_p='$(MKDIR_P)'
oldincludedir='/usr/include'
pdfdir='${docdir}'
prefix='/usr/local'
program_transform_name='s,x,x,'
psdir='${docdir}'
runstatedir='${localstatedir}/run'
sbindir='${exec_prefix}/sbin'
sharedstatedir='${prefix}/com'
sysconfdir='${prefix}/etc'
target_alias=''

## ----------- ##
## confdefs.h. ##
## ----------- ##

/* confdefs.h */
#define PACKAGE_NAME "familytree"
#define PACKAGE_TARNAME "familytree"
#define PACKAGE_VERSION "0.1"
#define PACKAGE_STRING "familytree 0.1"
#define PACKAGE_BUGREPORT ""
#define PACKAGE_URL ""
#define PACKAGE "familytree"
#define VERSION "0.1"
#define STDC_HEADERS 1
#define HAVE_SYS_TYPES_H 1
#define HAVE_SYS_STAT_H 1
#define HAVE_STDLIB_H 1
#define HAVE_STRING_H 1
#define HAVE_MEMORY_H 1
#define HAVE_STRINGS_H 1
#define HAVE_INTTYPES_H 1
#define HAVE_STDINT_H 1
#define HAVE_UNISTD_H 1
#define HAVE_DLFCN_H 1
#define LT_OBJDIR ".libs/"

configure: exit 0

## ---------------------- ##
## Running config.status. ##
## ---------------------- ##

This file was extended by familytree config.status 0.1, which was
generated by GNU Autoconf 2.69.  Invocation command line was

  CONFIG_FILES    = 
  CONFIG_HEADERS  = 
  CONFIG_LINKS    = 
  CONFIG_COMMANDS = 
  $ ./config.status src/Makefile depfiles

on silverflyer

config.status:1148: creating src/Makefile
config.status:1362: executing depfiles commands

## ---------------------- ##
## Running config.status. ##
## ---------------------- ##

This file was extended by familytree config.status 0.1, which was
generated by GNU Autoconf 2.69.  Invocation command line was

  CONFIG_FILES    = 
  CONFIG_HEADERS  = 
  CONFIG_LINKS    = 
  CONFIG_COMMANDS = 
  $ ./config.status src/Makefile depfiles

on silverflyer

config.status:1148: creating src/Makefile
config.status:1362: executing depfiles commands

## ---------------------- ##
## Running config.status. ##
## ---------------------- ##

This file was extended by familytree config.status 0.1, which was
generated by GNU Autoconf 2.69.  Invocation command line was

  CONFIG_FILES    = 
  CONFIG_HEADERS  = 
  CONFIG_LINKS    = 
  CONFIG_COMMANDS = 
  $ ./config.status src/Makefile depfiles

on silverflyer

config.status:1148: creating src/Makefile
config.status:1362: executing depfiles commands

## ---------------------- ##
## Running config.status. ##
## ---------------------- ##

This file was extended by familytree config.status 0.1, which was
generated by GNU Autoconf 2.69.  Invocation command line was

  CONFIG_FILES    = 
  CONFIG_HEADERS  = 
  CONFIG_LINKS    = 
  CONFIG_COMMANDS = 
  $ ./config.status src/Makefile depfiles

on silverflyer

config.status:1148: creating src/Makefile
config.status:1362: executing depfiles commands

## ---------------------- ##
## Running config.status. ##
## ---------------------- ##

This file was extended by familytree config.status 0.1, which was
generated by GNU Autoconf 2.69.  Invocation command line was

  CONFIG_FILES    = 
  CONFIG_HEADERS  = 
  CONFIG_LINKS    = 
  CONFIG_COMMANDS = 
  $ ./config.status src/Makefile depfiles

on silverflyer

config.status:1148: creating src/Makefile
config.status:1362: executing depfiles commands

## ---------------------- ##
## Running config.status. ##
## ---------------------- ##

This file was extended by familytree config.status 0.1, which was
generated by GNU Autoconf 2.69.  Invocation command line was

  CONFIG_FILES    = 
  CONFIG_HEADERS  = 
  CONFIG_LINKS    = 
  CONFIG_COMMANDS = 
  $ ./config.status src/Makefile depfiles

on silverflyer

config.status:1148: creating src/Makefile
config.status:1362: executing depfiles commands

## ---------------------- ##
## Running config.status. ##
## ---------------------- ##

This file was extended by familytree config.status 0.1, which was
generated by GNU Autoconf 2.69.  Invocation command line was

  CONFIG_FILES    = 
  CONFIG_HEADERS  = 
  CONFIG_LINKS    = 
  CONFIG_COMMANDS = 
  $ ./config.status src/Makefile depfiles

on silverflyer

config.status:1148: creating src/Makefile
config.status:1362: executing depfiles commands
